<?xml version="1.0" encoding="UTF-8"?>
<!-- Generated by org.testng.reporters.JUnitXMLReporter -->
<testsuite hostname="IBM-B7K8QM3" ignored="0" name="Default test" tests="4" failures="0" timestamp="04 Jul 2022 16:00:37 GMT" time="7.35" errors="0">
  <testcase name="firstPOST" time="2.914" classname="IBM2.RestAssuredFrameworkk.restassured"/>
  <testcase name="firstPUT" time="1.55" classname="IBM2.RestAssuredFrameworkk.restassured"/>
  <testcase name="login" time="1.538" classname="IBM2.RestAssuredFrameworkk.restassured"/>
  <testcase name="firstDELETE" time="1.324" classname="IBM2.RestAssuredFrameworkk.restassured"/>
</testsuite> <!-- Default test -->
